actionid: tox
msg: packaging
cmdargs: '/usr/bin/python3 /home/christoph/PycharmProjects/uebung/setup.py sdist --formats=zip --dist-dir /home/christoph/PycharmProjects/uebung/.tox/dist'

running sdist
running egg_info
creating restful_userservice.egg-info
writing restful_userservice.egg-info/PKG-INFO
writing dependency_links to restful_userservice.egg-info/dependency_links.txt
writing top-level names to restful_userservice.egg-info/top_level.txt
writing manifest file 'restful_userservice.egg-info/SOURCES.txt'
reading manifest file 'restful_userservice.egg-info/SOURCES.txt'
writing manifest file 'restful_userservice.egg-info/SOURCES.txt'
running check
creating restful_userservice-0.0.1
creating restful_userservice-0.0.1/restful_userservice.egg-info
copying files to restful_userservice-0.0.1...
copying README.md -> restful_userservice-0.0.1
copying setup.py -> restful_userservice-0.0.1
copying restful_userservice.egg-info/PKG-INFO -> restful_userservice-0.0.1/restful_userservice.egg-info
copying restful_userservice.egg-info/SOURCES.txt -> restful_userservice-0.0.1/restful_userservice.egg-info
copying restful_userservice.egg-info/dependency_links.txt -> restful_userservice-0.0.1/restful_userservice.egg-info
copying restful_userservice.egg-info/top_level.txt -> restful_userservice-0.0.1/restful_userservice.egg-info
Writing restful_userservice-0.0.1/setup.cfg
creating .tox/dist
creating '.tox/dist/restful_userservice-0.0.1.zip' and adding 'restful_userservice-0.0.1' to it
adding 'restful_userservice-0.0.1/setup.cfg'
adding 'restful_userservice-0.0.1/setup.py'
adding 'restful_userservice-0.0.1/PKG-INFO'
adding 'restful_userservice-0.0.1/README.md'
adding 'restful_userservice-0.0.1/restful_userservice.egg-info/dependency_links.txt'
adding 'restful_userservice-0.0.1/restful_userservice.egg-info/top_level.txt'
adding 'restful_userservice-0.0.1/restful_userservice.egg-info/SOURCES.txt'
adding 'restful_userservice-0.0.1/restful_userservice.egg-info/PKG-INFO'
removing 'restful_userservice-0.0.1' (and everything under it)
